This is LuaTeX, Version beta-0.80.0 (TeX Live 2015/Debian) (rev 5238)  (format=lualatex 2019.11.15)  26 APR 2020 21:55
 restricted \write18 enabled.
**abstracts.tex
(./abstracts.tex
LaTeX2e <2016/02/01>
Babel <3.9q> and hyphenation patterns for 1 language(s) loaded.
! Undefined control sequence.
l.1 \newgeometry
              {top=2cm,left=2cm,right=2cm,bottom=2cm}
The control sequence at the end of the top line
of your error message was never \def'ed. If you have
misspelled it (e.g., `\hobx'), type `I' and the correct
spelling (e.g., `I\hbox'). Otherwise just continue,
and I'll forget about whatever was undefined.


! LaTeX Error: Missing \begin{document}.

See the LaTeX manual or LaTeX Companion for explanation.
Type  H <return>  for immediate help.
 ...                                              
                                                  
l.1 \newgeometry{t
                op=2cm,left=2cm,right=2cm,bottom=2cm}
You're in trouble here.  Try typing  <return>  to proceed.
If that doesn't work, type  X <return>  to quit.


Overfull \hbox (20.0pt too wide) in paragraph at lines 1--2
[][]top=2cm,left=2cm,right=2cm,bottom=2cm 
 []

! Undefined control sequence.
l.6 \section
          *{Abstract}
The control sequence at the end of the top line
of your error message was never \def'ed. If you have
misspelled it (e.g., `\hobx'), type `I' and the correct
spelling (e.g., `I\hbox'). Otherwise just continue,
and I'll forget about whatever was undefined.


! LaTeX Error: Missing \begin{document}.

See the LaTeX manual or LaTeX Companion for explanation.
Type  H <return>  for immediate help.
 ...                                              
                                                  
l.6 \section*
           {Abstract}
You're in trouble here.  Try typing  <return>  to proceed.
If that doesn't work, type  X <return>  to quit.

LaTeX Font Info:    External font `cmex10' loaded for size
(Font)              <7> on input line 7.
LaTeX Font Info:    External font `cmex10' loaded for size
(Font)              <5> on input line 7.
! Undefined control sequence.
<recently read> \tr 
    
l.8 ...en chiral primary operators of the forms $\tr
                                                   Z^L$, $\tr \bar{Z}^L$, $\...
The control sequence at the end of the top line
of your error message was never \def'ed. If you have
misspelled it (e.g., `\hobx'), type `I' and the correct
spelling (e.g., `I\hbox'). Otherwise just continue,
and I'll forget about whatever was undefined.

! Undefined control sequence.
<recently read> \tr 
    
l.8 ...rimary operators of the forms $\tr Z^L$, $\tr
                                                   \bar{Z}^L$, $\tr X^L$, wh...
The control sequence at the end of the top line
of your error message was never \def'ed. If you have
misspelled it (e.g., `\hobx'), type `I' and the correct
spelling (e.g., `I\hbox'). Otherwise just continue,
and I'll forget about whatever was undefined.

! Undefined control sequence.
<recently read> \tr 
    
l.8 ...of the forms $\tr Z^L$, $\tr \bar{Z}^L$, $\tr
                                                   X^L$, where $X = \phi_1 +...
The control sequence at the end of the top line
of your error message was never \def'ed. If you have
misspelled it (e.g., `\hobx'), type `I' and the correct
spelling (e.g., `I\hbox'). Otherwise just continue,
and I'll forget about whatever was undefined.

! Undefined control sequence.
l.9 ...scalar operators $\mathcal{O}_{W_1 W_2} = \tr
                                                  [W_1 W_2]$ with scalars $W...
The control sequence at the end of the top line
of your error message was never \def'ed. If you have
misspelled it (e.g., `\hobx'), type `I' and the correct
spelling (e.g., `I\hbox'). Otherwise just continue,
and I'll forget about whatever was undefined.

! Undefined control sequence.
l.9 ...\mathcal{O}_{L} = \Psi_M^{i_1 \ldots i_L} \tr
                                                  [V_{i_1} \cdots V_{i_l}]$,...
The control sequence at the end of the top line
of your error message was never \def'ed. If you have
misspelled it (e.g., `\hobx'), type `I' and the correct
spelling (e.g., `I\hbox'). Otherwise just continue,
and I'll forget about whatever was undefined.

! Undefined control sequence.
<recently read> \expval 
        
l.9 ... in terms of the tree-level value of $\expval
                                                  {\mathcal{O}_{L}}$. The co...
The control sequence at the end of the top line
of your error message was never \def'ed. If you have
misspelled it (e.g., `\hobx'), type `I' and the correct
spelling (e.g., `I\hbox'). Otherwise just continue,
and I'll forget about whatever was undefined.


Overfull \hbox (20.0pt too wide) in paragraph at lines 6--10
[][]*Abstract
 []


Overfull \hbox (20.234pt too wide) in paragraph at lines 6--10
\OMS/cmsy/m/n/10 N \OT1/cmr/m/n/10 =
 []


Overfull \hbox (5.00002pt too wide) in paragraph at lines 6--10
\OT1/cmr/m/n/10 4$
 []


Overfull \hbox (31.10075pt too wide) in paragraph at lines 6--10
\OML/cmm/m/it/10 AdS[] \OMS/cmsy/m/n/10 
 []


Overfull \hbox (18.97224pt too wide) in paragraph at lines 6--10
\OML/cmm/m/it/10 S[] \OMS/cmsy/m/n/10 
 []


Overfull \hbox (11.19444pt too wide) in paragraph at lines 6--10
\OML/cmm/m/it/10 S[]$
 []


Overfull \hbox (31.10075pt too wide) in paragraph at lines 6--10
\OML/cmm/m/it/10 AdS[] \OMS/cmsy/m/n/10 
 []


Overfull \hbox (11.19444pt too wide) in paragraph at lines 6--10
\OML/cmm/m/it/10 S[]$
 []


Overfull \hbox (20.234pt too wide) in paragraph at lines 6--10
\OMS/cmsy/m/n/10 N \OT1/cmr/m/n/10 =
 []


Overfull \hbox (5.00002pt too wide) in paragraph at lines 6--10
\OT1/cmr/m/n/10 4$
 []


Overfull \hbox (18.70956pt too wide) in paragraph at lines 6--10
(\OT1/cmr/m/it/10 vevs\nullfont )
 []


Overfull \hbox (9.28763pt too wide) in paragraph at lines 6--10
\OML/cmm/m/it/10 []$\nullfont .
 []


Overfull \hbox (35.16948pt too wide) in paragraph at lines 6--10
\OML/cmm/m/it/10 SO\OT1/cmr/m/n/10 (3) \OMS/cmsy/m/n/10 
 []


Overfull \hbox (27.39168pt too wide) in paragraph at lines 6--10
\OML/cmm/m/it/10 SO\OT1/cmr/m/n/10 (3)$
 []


Overfull \hbox (13.52782pt too wide) in paragraph at lines 6--10
\OML/cmm/m/it/10 Z[]$\nullfont ,
 []


Overfull \hbox (13.52782pt too wide) in paragraph at lines 6--10
[]$,
 []


Overfull \hbox (15.05557pt too wide) in paragraph at lines 6--10
\OML/cmm/m/it/10 X[]$\nullfont ,
 []


Overfull \hbox (19.62494pt too wide) in paragraph at lines 6--10
\OML/cmm/m/it/10 X \OT1/cmr/m/n/10 =
 []


Overfull \hbox (18.22227pt too wide) in paragraph at lines 6--10
\OML/cmm/m/it/10 [] \OT1/cmr/m/n/10 +
 []


Overfull \hbox (13.8896pt too wide) in paragraph at lines 6--10
\OML/cmm/m/it/10 i[]$\nullfont ,
 []


Overfull \hbox (18.5833pt too wide) in paragraph at lines 6--10
\OML/cmm/m/it/10 Y \OT1/cmr/m/n/10 =
 []


Overfull \hbox (18.22227pt too wide) in paragraph at lines 6--10
\OML/cmm/m/it/10 [] \OT1/cmr/m/n/10 +
 []


Overfull \hbox (13.8896pt too wide) in paragraph at lines 6--10
\OML/cmm/m/it/10 i[]$
 []


Overfull \hbox (18.09718pt too wide) in paragraph at lines 6--10
\OML/cmm/m/it/10 Z \OT1/cmr/m/n/10 =
 []


Overfull \hbox (18.22227pt too wide) in paragraph at lines 6--10
\OML/cmm/m/it/10 [] \OT1/cmr/m/n/10 +
 []


Overfull \hbox (13.8896pt too wide) in paragraph at lines 6--10
\OML/cmm/m/it/10 i[]$\nullfont .
 []


Overfull \hbox (6.80557pt too wide) in paragraph at lines 6--10
\OML/cmm/m/it/10 L$
 []


Overfull \hbox (35.16948pt too wide) in paragraph at lines 6--10
\OML/cmm/m/it/10 SO\OT1/cmr/m/n/10 (3) \OMS/cmsy/m/n/10 
 []


Overfull \hbox (27.39168pt too wide) in paragraph at lines 6--10
\OML/cmm/m/it/10 SO\OT1/cmr/m/n/10 (3)$
 []


Overfull \hbox (41.86403pt too wide) in paragraph at lines 6--10
\OMS/cmsy/m/n/10 O[] \OT1/cmr/m/n/10 =
 []


Overfull \hbox (33.41672pt too wide) in paragraph at lines 6--10
\OT1/cmr/m/n/10 [\OML/cmm/m/it/10 W[]W[]\OT1/cmr/m/n/10 ]$
 []


Overfull \hbox (42.86107pt too wide) in paragraph at lines 6--10
\OML/cmm/m/it/10 W[]; W[] \OT1/cmr/m/n/10 =
 []


Overfull \hbox (68.72205pt too wide) in paragraph at lines 6--10
\OML/cmm/m/it/10 X; Y; Z; []; []; []$\nullfont ,
 []


Overfull \hbox (24.50279pt too wide) in paragraph at lines 6--10
\OMS/cmsy/m/n/10 O[] \OT1/cmr/m/n/10 =
 []


Overfull \hbox (75.92717pt too wide) in paragraph at lines 6--10
\OT1/cmr/m/n/10 	[][\OML/cmm/m/it/10 V[] [] V[]\OT1/cmr/m/n/10 ]$\nullfont ,
 []


Overfull \hbox (19.71812pt too wide) in paragraph at lines 6--10
\OML/cmm/m/it/10 V[] \OT1/cmr/m/n/10 =
 []


Overfull \hbox (20.49995pt too wide) in paragraph at lines 6--10
\OML/cmm/m/it/10 X; Z$
 []


Overfull \hbox (16.6542pt too wide) in paragraph at lines 6--10
\OT1/cmr/m/n/10 	[]$
 []


Overfull \hbox (10.79166pt too wide) in paragraph at lines 6--10
\OML/cmm/m/it/10 M$
 []


Overfull \hbox (32.30556pt too wide) in paragraph at lines 6--10
\OML/cmm/m/it/10 W[]; W[]$
 []


Overfull \hbox (13.94728pt too wide) in paragraph at lines 6--10
[]$.
 []

! Undefined control sequence.
l.13 \section
           *{Acknowledgements}
The control sequence at the end of the top line
of your error message was never \def'ed. If you have
misspelled it (e.g., `\hobx'), type `I' and the correct
spelling (e.g., `I\hbox'). Otherwise just continue,
and I'll forget about whatever was undefined.


! LaTeX Error: Missing \begin{document}.

See the LaTeX manual or LaTeX Companion for explanation.
Type  H <return>  for immediate help.
 ...                                              
                                                  
l.13 \section*
            {Acknowledgements}
You're in trouble here.  Try typing  <return>  to proceed.
If that doesn't work, type  X <return>  to quit.


Overfull \hbox (20.0pt too wide) in paragraph at lines 13--15
[][]*Acknowledgements
 []

)
! Emergency stop.
<*> abstracts.tex
              
*** (job aborted, no legal \end found)



Here is how much of LuaTeX's memory you used:
 25 strings out of 495004
 100000,89155 words of node,token memory allocated 14148 words of node memory still in use:
   117 hlist, 5 vlist, 22 math, 422 glue, 36 kern, 27 penalty, 1754 glyph, 101 g
lue_spec, 3 local_par, 1 dir nodes
   avail lists: 1:1,2:12,3:23,4:4,6:1,7:308,10:47
 3701 multiletter control sequences out of 65536+600000
 26 fonts using 1033735 bytes
 18i,3n,12p,916b,67s stack positions out of 5000i,500n,10000p,200000b,100000s
!  ==> Fatal error occurred, no output PDF file produced!
